Determining if the pthread_create exist failed with the following output:
Change Dir: /home/jackey/install/ORB_SLAM2/Examples/ROS/ORB_SLAM2/build/CMakeFiles/CMakeTmp

Run Build Command:"/usr/bin/make" "cmTC_582c8/fast"
/usr/bin/make -f CMakeFiles/cmTC_582c8.dir/build.make CMakeFiles/cmTC_582c8.dir/build
make[1]: Entering directory '/home/jackey/install/ORB_SLAM2/Examples/ROS/ORB_SLAM2/build/CMakeFiles/CMakeTmp'
Building C object CMakeFiles/cmTC_582c8.dir/CheckSymbolExists.c.o
/usr/bin/cc     -o CMakeFiles/cmTC_582c8.dir/CheckSymbolExists.c.o   -c /home/jackey/install/ORB_SLAM2/Examples/ROS/ORB_SLAM2/build/CMakeFiles/CMakeTmp/CheckSymbolExists.c
Linking C executable cmTC_582c8
/usr/bin/cmake -E cmake_link_script CMakeFiles/cmTC_582c8.dir/link.txt --verbose=1
/usr/bin/cc       CMakeFiles/cmTC_582c8.dir/CheckSymbolExists.c.o  -o cmTC_582c8 -rdynamic 
CMakeFiles/cmTC_582c8.dir/CheckSymbolExists.c.o: In function `main':
CheckSymbolExists.c:(.text+0x16): undefined reference to `pthread_create'
collect2: error: ld returned 1 exit status
CMakeFiles/cmTC_582c8.dir/build.make:97: recipe for target 'cmTC_582c8' failed
make[1]: *** [cmTC_582c8] Error 1
make[1]: Leaving directory '/home/jackey/install/ORB_SLAM2/Examples/ROS/ORB_SLAM2/build/CMakeFiles/CMakeTmp'
Makefile:126: recipe for target 'cmTC_582c8/fast' failed
make: *** [cmTC_582c8/fast] Error 2

File /home/jackey/install/ORB_SLAM2/Examples/ROS/ORB_SLAM2/build/CMakeFiles/CMakeTmp/CheckSymbolExists.c:
/* */
#include <pthread.h>

int main(int argc, char** argv)
{
  (void)argv;
#ifndef pthread_create
  return ((int*)(&pthread_create))[argc];
#else
  (void)argc;
  return 0;
#endif
}

Determining if the function pthread_create exists in the pthreads failed with the following output:
Change Dir: /home/jackey/install/ORB_SLAM2/Examples/ROS/ORB_SLAM2/build/CMakeFiles/CMakeTmp

Run Build Command:"/usr/bin/make" "cmTC_cef86/fast"
/usr/bin/make -f CMakeFiles/cmTC_cef86.dir/build.make CMakeFiles/cmTC_cef86.dir/build
make[1]: Entering directory '/home/jackey/install/ORB_SLAM2/Examples/ROS/ORB_SLAM2/build/CMakeFiles/CMakeTmp'
Building C object CMakeFiles/cmTC_cef86.dir/CheckFunctionExists.c.o
/usr/bin/cc    -DCHECK_FUNCTION_EXISTS=pthread_create   -o CMakeFiles/cmTC_cef86.dir/CheckFunctionExists.c.o   -c /usr/share/cmake-3.5/Modules/CheckFunctionExists.c
Linking C executable cmTC_cef86
/usr/bin/cmake -E cmake_link_script CMakeFiles/cmTC_cef86.dir/link.txt --verbose=1
/usr/bin/cc   -DCHECK_FUNCTION_EXISTS=pthread_create    CMakeFiles/cmTC_cef86.dir/CheckFunctionExists.c.o  -o cmTC_cef86 -rdynamic -lpthreads 
/usr/bin/ld: cannot find -lpthreads
collect2: error: ld returned 1 exit status
CMakeFiles/cmTC_cef86.dir/build.make:97: recipe for target 'cmTC_cef86' failed
make[1]: *** [cmTC_cef86] Error 1
make[1]: Leaving directory '/home/jackey/install/ORB_SLAM2/Examples/ROS/ORB_SLAM2/build/CMakeFiles/CMakeTmp'
Makefile:126: recipe for target 'cmTC_cef86/fast' failed
make: *** [cmTC_cef86/fast] Error 2


